2024-11-06 22:10:27,943 - Account unlocked for user: amber
2024-11-06 22:10:27,946 - Login successful for user: amber
2024-11-06 22:16:30,544 - Login successful for user: amber
2024-11-06 22:18:14,102 - Login successful for user: amber
2024-11-06 22:27:44,302 - Login successful for user: amber
2024-11-07 21:00:33,900 - Login successful for user: amber
2024-11-07 21:06:09,697 - Login successful for user: amber
2024-11-07 21:09:39,319 - Login successful for user: amber
2024-11-07 21:13:18,156 - Login successful for user: amber
2024-11-07 21:15:56,098 - Login successful for user: amber
2024-11-07 21:18:30,350 - Login successful for user: amber
2024-11-07 21:19:41,436 - Login successful for user: amber
2024-11-09 00:03:57,810 - Login successful for user: bennett
2024-11-09 00:43:09,799 - Login successful for user: bennett
2024-11-09 00:46:59,074 - Login successful for user: bennett
2024-11-09 00:47:46,225 - Login successful for user: bennett
2024-11-09 00:48:36,629 - Login successful for user: bennett
2024-11-09 00:51:53,382 - Login successful for user: bennett
2024-11-09 00:52:40,899 - Login successful for user: bennett
2024-11-09 00:53:28,069 - Login successful for user: bennett
2024-11-09 00:58:42,089 - Login successful for user: bennett
2024-11-09 00:59:15,560 - Login successful for user: bennett
2024-11-09 01:01:17,629 - Failed login with non-existent username: RubenG
2024-11-09 01:01:23,324 - Login successful for user: rubenG
2024-11-09 01:03:47,901 - Login successful for user: bennett
2024-11-09 01:03:57,899 - Login successful for user: rubenG
2024-11-09 01:04:09,505 - Login successful for user: bennett
2024-11-09 01:05:18,011 - Login successful for user: rubenG
2024-11-09 01:08:54,889 - Login successful for user: bennett
2024-11-09 01:09:46,155 - Login successful for user: bennett
2024-11-09 01:11:15,732 - Login successful for user: bennett
2024-11-09 01:12:05,407 - Login successful for user: bennett
2024-11-09 01:15:43,061 - Login successful for user: bennett
2024-11-09 01:17:30,354 - Login successful for user: bennett
2024-11-09 01:21:50,393 - Login successful for user: bennett
2024-11-09 01:25:33,143 - Login successful for user: bennett
2024-11-09 01:27:54,088 - Login successful for user: bennett
2024-11-09 01:29:55,763 - Login successful for user: bennett
2024-11-09 01:31:11,851 - Login successful for user: bennett
2024-11-09 01:33:35,571 - Login successful for user: rubenG
2024-11-09 01:33:44,454 - Login successful for user: bennett
2024-11-09 01:36:41,690 - Login successful for user: bennett
2024-11-09 01:39:54,085 - Login successful for user: bennett
2024-11-09 01:40:26,611 - Login successful for user: bennett
2024-11-09 01:44:31,377 - Login successful for user: bennett
2024-11-09 01:46:39,173 - Login successful for user: bennett
2024-11-09 01:48:45,920 - Login successful for user: bennett
2024-11-09 01:49:44,002 - Login successful for user: bennett
2024-11-09 01:50:13,229 - Login successful for user: bennett
2024-11-09 01:51:23,588 - Login successful for user: bennett
2024-11-09 01:54:23,588 - Login successful for user: bennett
2024-11-09 01:57:38,247 - Login successful for user: bennett
2024-11-09 02:01:07,116 - Login successful for user: bennett
2024-11-09 02:03:55,810 - Login successful for user: bennett
2024-11-09 02:07:33,565 - Failed login for user: rubenG
2024-11-09 02:07:39,955 - Login successful for user: rubenG
2024-11-09 02:07:50,731 - Login successful for user: bennett
2024-11-09 02:10:07,366 - Login successful for user: chrissyK
2024-11-09 02:10:36,480 - Login successful for user: bennett
